<?xml version="1.0" encoding="UTF-8"?>
<testng-results ignored="0" total="1" passed="1" failed="0" skipped="0">
  <reporter-output>
  </reporter-output>
  <suite started-at="2022-06-27T01:21:46 AEST" name="Default suite" finished-at="2022-06-27T01:22:19 AEST" duration-ms="32138">
    <groups>
    </groups>
    <test started-at="2022-06-27T01:21:46 AEST" name="Default test" finished-at="2022-06-27T01:22:19 AEST" duration-ms="32138">
      <class name="testcase.TestCase1">
        <test-method is-config="true" signature="initialize()[pri:0, instance:testcase.TestCase1@59309333]" started-at="2022-06-27T01:21:46 AEST" name="initialize" finished-at="2022-06-27T01:21:52 AEST" duration-ms="6003" status="PASS">
          <reporter-output>
          </reporter-output>
        </test-method> <!-- initialize -->
        <test-method signature="LoginTest()[pri:0, instance:testcase.TestCase1@59309333]" started-at="2022-06-27T01:21:52 AEST" name="LoginTest" finished-at="2022-06-27T01:22:18 AEST" duration-ms="25917" status="PASS">
          <reporter-output>
          </reporter-output>
        </test-method> <!-- LoginTest -->
        <test-method is-config="true" signature="teardown()[pri:0, instance:testcase.TestCase1@59309333]" started-at="2022-06-27T01:22:18 AEST" name="teardown" finished-at="2022-06-27T01:22:19 AEST" duration-ms="198" status="PASS">
          <reporter-output>
          </reporter-output>
        </test-method> <!-- teardown -->
      </class> <!-- testcase.TestCase1 -->
    </test> <!-- Default test -->
  </suite> <!-- Default suite -->
</testng-results>
